# JRE version: OpenJDK Runtime Environment Temurin-21.0.9+10 (21.0.9+10) (build 21.0.9+10-LTS)
# Java VM: OpenJDK 64-Bit Server VM Temurin-21.0.9+10 (21.0.9+10-LTS, mixed mode, sharing, tiered, compressed oops, compressed class ptrs, parallel gc, windows-amd64)
GC Precious Log:
 CardTable entry size: 512
 CPUs: 6 total, 6 available
 Memory: 32115M
 Large Page Support: Disabled
 NUMA Support: Disabled
 Compressed Oops: Enabled (32-bit)
 Alignments: Space 512K, Generation 512K, Heap 2M
 Heap Min Capacity: 100M
 Heap Initial Capacity: 100M
 Heap Max Capacity: 2G
 Pre-touch: Disabled
 Parallel Workers: 6
Heap:
 PSYoungGen      total 8192K, used 8065K [0x00000000d5580000, 0x00000000d6300000, 0x0000000100000000)
  eden space 7168K, 98% used [0x00000000d5580000,0x00000000d5c68e38,0x00000000d5c80000)
  from space 1024K, 96% used [0x00000000d5c80000,0x00000000d5d77868,0x00000000d5d80000)
  to   space 2560K, 0% used [0x00000000d6080000,0x00000000d6080000,0x00000000d6300000)
 ParOldGen       total 117760K, used 117612K [0x0000000080000000, 0x0000000087300000, 0x00000000d5580000)
  object space 117760K, 99% used [0x0000000080000000,0x00000000872db2a0,0x0000000087300000)
 Metaspace       used 59194K, committed 60480K, reserved 1114112K
  class space    used 6947K, committed 7488K, reserved 1048576K
GC Heap History (20 events):
Event: 355.026 GC heap before
{Heap before GC invocations=67 (full 3):
 PSYoungGen      total 11264K, used 11241K [0x00000000d5580000, 0x00000000d6e00000, 0x0000000100000000)
  eden space 8704K, 100% used [0x00000000d5580000,0x00000000d5e00000,0x00000000d5e00000)
  from space 2560K, 99% used [0x00000000d6180000,0x00000000d63fa540,0x00000000d6400000)
  to   space 8192K, 0% used [0x00000000d6600000,0x00000000d6600000,0x00000000d6e00000)
 ParOldGen       total 94720K, used 94394K [0x0000000080000000, 0x0000000085c80000, 0x00000000d5580000)
  object space 94720K, 99% used [0x0000000080000000,0x0000000085c2e850,0x0000000085c80000)
 Metaspace       used 58677K, committed 59904K, reserved 1114112K
  class space    used 6902K, committed 7424K, reserved 1048576K
}
Event: 355.027 GC heap after
{Heap after GC invocations=67 (full 3):
 PSYoungGen      total 9728K, used 990K [0x00000000d5580000, 0x00000000d6700000, 0x0000000100000000)
  eden space 8704K, 0% used [0x00000000d5580000,0x00000000d5580000,0x00000000d5e00000)
  from space 1024K, 96% used [0x00000000d6600000,0x00000000d66f7868,0x00000000d6700000)
  to   space 3584K, 0% used [0x00000000d6000000,0x00000000d6000000,0x00000000d6380000)
 ParOldGen       total 96768K, used 96626K [0x0000000080000000, 0x0000000085e80000, 0x00000000d5580000)
  object space 96768K, 99% used [0x0000000080000000,0x0000000085e5c850,0x0000000085e80000)
 Metaspace       used 58677K, committed 59904K, reserved 1114112K
  class space    used 6902K, committed 7424K, reserved 1048576K
}
Event: 355.104 GC heap before
{Heap before GC invocations=68 (full 3):
 PSYoungGen      total 9728K, used 9694K [0x00000000d5580000, 0x00000000d6700000, 0x0000000100000000)
  eden space 8704K, 100% used [0x00000000d5580000,0x00000000d5e00000,0x00000000d5e00000)
  from space 1024K, 96% used [0x00000000d6600000,0x00000000d66f7868,0x00000000d6700000)
  to   space 3584K, 0% used [0x00000000d6000000,0x00000000d6000000,0x00000000d6380000)
 ParOldGen       total 96768K, used 96626K [0x0000000080000000, 0x0000000085e80000, 0x00000000d5580000)
  object space 96768K, 99% used [0x0000000080000000,0x0000000085e5c850,0x0000000085e80000)
 Metaspace       used 58677K, committed 59904K, reserved 1114112K
  class space    used 6902K, committed 7424K, reserved 1048576K
}
Event: 355.106 GC heap after
{Heap after GC invocations=68 (full 3):
 PSYoungGen      total 12288K, used 3575K [0x00000000d5580000, 0x00000000d6b00000, 0x0000000100000000)
  eden space 8704K, 0% used [0x00000000d5580000,0x00000000d5580000,0x00000000d5e00000)
  from space 3584K, 99% used [0x00000000d6000000,0x00000000d637dd20,0x00000000d6380000)
  to   space 6656K, 0% used [0x00000000d6480000,0x00000000d6480000,0x00000000d6b00000)
 ParOldGen       total 98816K, used 98530K [0x0000000080000000, 0x0000000086080000, 0x00000000d5580000)
  object space 98816K, 99% used [0x0000000080000000,0x0000000086038850,0x0000000086080000)
 Metaspace       used 58677K, committed 59904K, reserved 1114112K
  class space    used 6902K, committed 7424K, reserved 1048576K
}
Event: 355.111 GC heap before
{Heap before GC invocations=69 (full 3):
 PSYoungGen      total 12288K, used 12279K [0x00000000d5580000, 0x00000000d6b00000, 0x0000000100000000)
  eden space 8704K, 100% used [0x00000000d5580000,0x00000000d5e00000,0x00000000d5e00000)
  from space 3584K, 99% used [0x00000000d6000000,0x00000000d637dd20,0x00000000d6380000)
  to   space 6656K, 0% used [0x00000000d6480000,0x00000000d6480000,0x00000000d6b00000)
 ParOldGen       total 98816K, used 98530K [0x0000000080000000, 0x0000000086080000, 0x00000000d5580000)
  object space 98816K, 99% used [0x0000000080000000,0x0000000086038850,0x0000000086080000)
 Metaspace       used 58677K, committed 59904K, reserved 1114112K
  class space    used 6902K, committed 7424K, reserved 1048576K
}
Event: 355.114 GC heap after
{Heap after GC invocations=69 (full 3):
 PSYoungGen      total 12288K, used 3552K [0x00000000d5580000, 0x00000000d6800000, 0x0000000100000000)
  eden space 8704K, 0% used [0x00000000d5580000,0x00000000d5580000,0x00000000d5e00000)
  from space 3584K, 99% used [0x00000000d6480000,0x00000000d67f8000,0x00000000d6800000)
  to   space 4608K, 0% used [0x00000000d5f00000,0x00000000d5f00000,0x00000000d6380000)
 ParOldGen       total 102400K, used 101980K [0x0000000080000000, 0x0000000086400000, 0x00000000d5580000)
  object space 102400K, 99% used [0x0000000080000000,0x00000000863972d0,0x0000000086400000)
 Metaspace       used 58677K, committed 59904K, reserved 1114112K
  class space    used 6902K, committed 7424K, reserved 1048576K
}
Event: 355.324 GC heap before
{Heap before GC invocations=70 (full 3):
 PSYoungGen      total 12288K, used 12256K [0x00000000d5580000, 0x00000000d6800000, 0x0000000100000000)
  eden space 8704K, 100% used [0x00000000d5580000,0x00000000d5e00000,0x00000000d5e00000)
  from space 3584K, 99% used [0x00000000d6480000,0x00000000d67f8000,0x00000000d6800000)
  to   space 4608K, 0% used [0x00000000d5f00000,0x00000000d5f00000,0x00000000d6380000)
 ParOldGen       total 102400K, used 101980K [0x0000000080000000, 0x0000000086400000, 0x00000000d5580000)
  object space 102400K, 99% used [0x0000000080000000,0x00000000863972d0,0x0000000086400000)
 Metaspace       used 58677K, committed 59904K, reserved 1114112K
  class space    used 6902K, committed 7424K, reserved 1048576K
}
Event: 355.327 GC heap after
{Heap after GC invocations=70 (full 3):
 PSYoungGen      total 10752K, used 1865K [0x00000000d5580000, 0x00000000d6500000, 0x0000000100000000)
  eden space 8704K, 0% used [0x00000000d5580000,0x00000000d5580000,0x00000000d5e00000)
  from space 2048K, 91% used [0x00000000d5f00000,0x00000000d60d2540,0x00000000d6100000)
  to   space 3072K, 0% used [0x00000000d6200000,0x00000000d6200000,0x00000000d6500000)
 ParOldGen       total 102912K, used 102652K [0x0000000080000000, 0x0000000086480000, 0x00000000d5580000)
  object space 102912K, 99% used [0x0000000080000000,0x000000008643f2d0,0x0000000086480000)
 Metaspace       used 58677K, committed 59904K, reserved 1114112K
  class space    used 6902K, committed 7424K, reserved 1048576K
}
Event: 355.343 GC heap before
{Heap before GC invocations=71 (full 3):
 PSYoungGen      total 10752K, used 10569K [0x00000000d5580000, 0x00000000d6500000, 0x0000000100000000)
  eden space 8704K, 100% used [0x00000000d5580000,0x00000000d5e00000,0x00000000d5e00000)
  from space 2048K, 91% used [0x00000000d5f00000,0x00000000d60d2540,0x00000000d6100000)
  to   space 3072K, 0% used [0x00000000d6200000,0x00000000d6200000,0x00000000d6500000)
 ParOldGen       total 102912K, used 102652K [0x0000000080000000, 0x0000000086480000, 0x00000000d5580000)
  object space 102912K, 99% used [0x0000000080000000,0x000000008643f2d0,0x0000000086480000)
 Metaspace       used 58677K, committed 59904K, reserved 1114112K
  class space    used 6902K, committed 7424K, reserved 1048576K
}
Event: 355.346 GC heap after
{Heap after GC invocations=71 (full 3):
 PSYoungGen      total 9216K, used 3058K [0x00000000d5580000, 0x00000000d6b00000, 0x0000000100000000)
  eden space 6144K, 0% used [0x00000000d5580000,0x00000000d5580000,0x00000000d5b80000)
  from space 3072K, 99% used [0x00000000d6200000,0x00000000d64fca80,0x00000000d6500000)
  to   space 6656K, 0% used [0x00000000d5b80000,0x00000000d5b80000,0x00000000d6200000)
 ParOldGen       total 105472K, used 105300K [0x0000000080000000, 0x0000000086700000, 0x00000000d5580000)
  object space 105472K, 99% used [0x0000000080000000,0x00000000866d52d0,0x0000000086700000)
 Metaspace       used 58677K, committed 59904K, reserved 1114112K
  class space    used 6902K, committed 7424K, reserved 1048576K
}
Event: 355.349 GC heap before
{Heap before GC invocations=72 (full 3):
 PSYoungGen      total 9216K, used 9202K [0x00000000d5580000, 0x00000000d6b00000, 0x0000000100000000)
  eden space 6144K, 100% used [0x00000000d5580000,0x00000000d5b80000,0x00000000d5b80000)
  from space 3072K, 99% used [0x00000000d6200000,0x00000000d64fca80,0x00000000d6500000)
  to   space 6656K, 0% used [0x00000000d5b80000,0x00000000d5b80000,0x00000000d6200000)
 ParOldGen       total 105472K, used 105300K [0x0000000080000000, 0x0000000086700000, 0x00000000d5580000)
  object space 105472K, 99% used [0x0000000080000000,0x00000000866d52d0,0x0000000086700000)
 Metaspace       used 58677K, committed 59904K, reserved 1114112K
  class space    used 6902K, committed 7424K, reserved 1048576K
}
Event: 355.352 GC heap after
{Heap after GC invocations=72 (full 3):
 PSYoungGen      total 8704K, used 2272K [0x00000000d5580000, 0x00000000d6400000, 0x0000000100000000)
  eden space 6144K, 0% used [0x00000000d5580000,0x00000000d5580000,0x00000000d5b80000)
  from space 2560K, 88% used [0x00000000d5b80000,0x00000000d5db8000,0x00000000d5e00000)
  to   space 3584K, 0% used [0x00000000d6080000,0x00000000d6080000,0x00000000d6400000)
 ParOldGen       total 108544K, used 108395K [0x0000000080000000, 0x0000000086a00000, 0x00000000d5580000)
  object space 108544K, 99% used [0x0000000080000000,0x00000000869dad60,0x0000000086a00000)
 Metaspace       used 58677K, committed 59904K, reserved 1114112K
  class space    used 6902K, committed 7424K, reserved 1048576K
}
Event: 355.357 GC heap before
{Heap before GC invocations=73 (full 3):
 PSYoungGen      total 8704K, used 8416K [0x00000000d5580000, 0x00000000d6400000, 0x0000000100000000)
  eden space 6144K, 100% used [0x00000000d5580000,0x00000000d5b80000,0x00000000d5b80000)
  from space 2560K, 88% used [0x00000000d5b80000,0x00000000d5db8000,0x00000000d5e00000)
  to   space 3584K, 0% used [0x00000000d6080000,0x00000000d6080000,0x00000000d6400000)
 ParOldGen       total 108544K, used 108395K [0x0000000080000000, 0x0000000086a00000, 0x00000000d5580000)
  object space 108544K, 99% used [0x0000000080000000,0x00000000869dad60,0x0000000086a00000)
 Metaspace       used 58677K, committed 59904K, reserved 1114112K
  class space    used 6902K, committed 7424K, reserved 1048576K
}
Event: 355.358 GC heap after
{Heap after GC invocations=73 (full 3):
 PSYoungGen      total 8192K, used 254K [0x00000000d5580000, 0x00000000d6100000, 0x0000000100000000)
  eden space 7680K, 0% used [0x00000000d5580000,0x00000000d5580000,0x00000000d5d00000)
  from space 512K, 49% used [0x00000000d6080000,0x00000000d60bf868,0x00000000d6100000)
  to   space 1536K, 0% used [0x00000000d5e00000,0x00000000d5e00000,0x00000000d5f80000)
 ParOldGen       total 111104K, used 110611K [0x0000000080000000, 0x0000000086c80000, 0x00000000d5580000)
  object space 111104K, 99% used [0x0000000080000000,0x0000000086c04d60,0x0000000086c80000)
 Metaspace       used 58677K, committed 59904K, reserved 1114112K
  class space    used 6902K, committed 7424K, reserved 1048576K
}
Event: 355.478 GC heap before
{Heap before GC invocations=74 (full 3):
 PSYoungGen      total 8192K, used 7934K [0x00000000d5580000, 0x00000000d6100000, 0x0000000100000000)
  eden space 7680K, 100% used [0x00000000d5580000,0x00000000d5d00000,0x00000000d5d00000)
  from space 512K, 49% used [0x00000000d6080000,0x00000000d60bf868,0x00000000d6100000)
  to   space 1536K, 0% used [0x00000000d5e00000,0x00000000d5e00000,0x00000000d5f80000)
 ParOldGen       total 111104K, used 110611K [0x0000000080000000, 0x0000000086c80000, 0x00000000d5580000)
  object space 111104K, 99% used [0x0000000080000000,0x0000000086c04d60,0x0000000086c80000)
 Metaspace       used 58677K, committed 59904K, reserved 1114112K
  class space    used 6902K, committed 7424K, reserved 1048576K
}
Event: 355.480 GC heap after
{Heap after GC invocations=74 (full 3):
 PSYoungGen      total 9216K, used 1513K [0x00000000d5580000, 0x00000000d6500000, 0x0000000100000000)
  eden space 7680K, 0% used [0x00000000d5580000,0x00000000d5580000,0x00000000d5d00000)
  from space 1536K, 98% used [0x00000000d5e00000,0x00000000d5f7a540,0x00000000d5f80000)
  to   space 4096K, 0% used [0x00000000d6100000,0x00000000d6100000,0x00000000d6500000)
 ParOldGen       total 112640K, used 112499K [0x0000000080000000, 0x0000000086e00000, 0x00000000d5580000)
  object space 112640K, 99% used [0x0000000080000000,0x0000000086ddcd60,0x0000000086e00000)
 Metaspace       used 58677K, committed 59904K, reserved 1114112K
  class space    used 6902K, committed 7424K, reserved 1048576K
}
Event: 355.486 GC heap before
{Heap before GC invocations=75 (full 3):
 PSYoungGen      total 9216K, used 9193K [0x00000000d5580000, 0x00000000d6500000, 0x0000000100000000)
  eden space 7680K, 100% used [0x00000000d5580000,0x00000000d5d00000,0x00000000d5d00000)
  from space 1536K, 98% used [0x00000000d5e00000,0x00000000d5f7a540,0x00000000d5f80000)
  to   space 4096K, 0% used [0x00000000d6100000,0x00000000d6100000,0x00000000d6500000)
 ParOldGen       total 112640K, used 112499K [0x0000000080000000, 0x0000000086e00000, 0x00000000d5580000)
  object space 112640K, 99% used [0x0000000080000000,0x0000000086ddcd60,0x0000000086e00000)
 Metaspace       used 58677K, committed 59904K, reserved 1114112K
  class space    used 6902K, committed 7424K, reserved 1048576K
}
Event: 355.488 GC heap after
{Heap after GC invocations=75 (full 3):
 PSYoungGen      total 11264K, used 4009K [0x00000000d5580000, 0x00000000d6780000, 0x0000000100000000)
  eden space 7168K, 0% used [0x00000000d5580000,0x00000000d5580000,0x00000000d5c80000)
  from space 4096K, 97% used [0x00000000d6100000,0x00000000d64ea540,0x00000000d6500000)
  to   space 4608K, 0% used [0x00000000d5c80000,0x00000000d5c80000,0x00000000d6100000)
 ParOldGen       total 114176K, used 114036K [0x0000000080000000, 0x0000000086f80000, 0x00000000d5580000)
  object space 114176K, 99% used [0x0000000080000000,0x0000000086f5d2a0,0x0000000086f80000)
 Metaspace       used 58677K, committed 59904K, reserved 1114112K
  class space    used 6902K, committed 7424K, reserved 1048576K
}
Event: 355.493 GC heap before
{Heap before GC invocations=76 (full 3):
 PSYoungGen      total 11264K, used 11177K [0x00000000d5580000, 0x00000000d6780000, 0x0000000100000000)
  eden space 7168K, 100% used [0x00000000d5580000,0x00000000d5c80000,0x00000000d5c80000)
  from space 4096K, 97% used [0x00000000d6100000,0x00000000d64ea540,0x00000000d6500000)
  to   space 4608K, 0% used [0x00000000d5c80000,0x00000000d5c80000,0x00000000d6100000)
 ParOldGen       total 114176K, used 114036K [0x0000000080000000, 0x0000000086f80000, 0x00000000d5580000)
  object space 114176K, 99% used [0x0000000080000000,0x0000000086f5d2a0,0x0000000086f80000)
 Metaspace       used 58677K, committed 59904K, reserved 1114112K
  class space    used 6902K, committed 7424K, reserved 1048576K
}
Event: 355.496 GC heap after
{Heap after GC invocations=76 (full 3):
 PSYoungGen      total 8192K, used 990K [0x00000000d5580000, 0x00000000d6300000, 0x0000000100000000)
  eden space 7168K, 0% used [0x00000000d5580000,0x00000000d5580000,0x00000000d5c80000)
  from space 1024K, 96% used [0x00000000d5c80000,0x00000000d5d77868,0x00000000d5d80000)
  to   space 2560K, 0% used [0x00000000d6080000,0x00000000d6080000,0x00000000d6300000)
 ParOldGen       total 117760K, used 117612K [0x0000000080000000, 0x0000000087300000, 0x00000000d5580000)
  object space 117760K, 99% used [0x0000000080000000,0x00000000872db2a0,0x0000000087300000)
 Metaspace       used 58677K, committed 59904K, reserved 1114112K
  class space    used 6902K, committed 7424K, reserved 1048576K
}

